<?xml version="1.0" encoding="UTF-8"?>
<!-- Generated by org.testng.reporters.JUnitReportReporter -->
<testsuite hostname="LP-BCT-0X111976" failures="0" tests="6" name="api.test.DDTests" time="9.009" errors="0" timestamp="2023-10-09T15:22:46 IST" skipped="0">
  <testcase classname="api.test.DDTests" name="testPostuser" time="1.197"/>
  <testcase classname="api.test.DDTests" name="testPostuser" time="3.197"/>
  <testcase classname="api.test.DDTests" name="testPostuser" time="1.171"/>
  <testcase classname="api.test.DDTests" name="testDeleteUserByName" time="1.134"/>
  <testcase classname="api.test.DDTests" name="testDeleteUserByName" time="1.166"/>
  <testcase classname="api.test.DDTests" name="testDeleteUserByName" time="1.144"/>
</testsuite> <!-- api.test.DDTests -->
