<?xml version="1.0" encoding="UTF-8"?>
<!-- Generated by org.testng.reporters.JUnitReportReporter -->
<testsuite hostname="LP-BCT-0X111976" failures="0" tests="4" name="api.test.UserTests" time="7.012" errors="0" timestamp="2023-10-17T14:55:04 IST" skipped="0">
  <testcase classname="api.test.UserTests" name="testPostUser" time="2.399"/>
  <testcase classname="api.test.UserTests" name="testGetUserByName" time="1.184"/>
  <testcase classname="api.test.UserTests" name="testUpdateUserByName" time="2.319"/>
  <testcase classname="api.test.UserTests" name="testDeleteUserByName" time="1.110"/>
</testsuite> <!-- api.test.UserTests -->
