<?xml version="1.0" encoding="UTF-8"?>
<!-- Generated by org.testng.reporters.JUnitReportReporter -->
<testsuite hostname="LP-BCT-0X111976" failures="0" tests="4" name="api.test.UserTests" time="18.450" errors="0" timestamp="2023-10-24T12:38:56 IST" skipped="0">
  <testcase classname="api.test.UserTests" name="testPostUser" time="7.667"/>
  <testcase classname="api.test.UserTests" name="testGetUserByName" time="1.757"/>
  <testcase classname="api.test.UserTests" name="testUpdateUserByName" time="6.273"/>
  <testcase classname="api.test.UserTests" name="testDeleteUserByName" time="2.753"/>
</testsuite> <!-- api.test.UserTests -->
