<?xml version="1.0" encoding="UTF-8"?>
<!-- Generated by org.testng.reporters.JUnitReportReporter -->
<testsuite hostname="LP-BCT-0X111976" failures="0" tests="4" name="api.test.UserTestsProperties" time="7.783" errors="0" timestamp="2023-10-09T18:46:29 IST" skipped="0">
  <testcase classname="api.test.UserTestsProperties" name="testPostUser" time="2.544"/>
  <testcase classname="api.test.UserTestsProperties" name="testGetUserByName" time="1.322"/>
  <testcase classname="api.test.UserTestsProperties" name="testUpdateUserByName" time="2.643"/>
  <testcase classname="api.test.UserTestsProperties" name="testDeleteUserByName" time="1.274"/>
</testsuite> <!-- api.test.UserTestsProperties -->
